  main.cpp
C:\3d-rendering\src\main.cpp(142,16): warning C4244: 'initializing': conversion from 'T' to 'float', possible loss of data
          with
          [
              T=int
          ]
C:\3d-rendering\src\main.cpp(143,16): warning C4244: 'initializing': conversion from 'T' to 'float', possible loss of data
          with
          [
              T=int
          ]
C:\3d-rendering\src\main.cpp(145,98): warning C4244: 'argument': conversion from 'T' to 'GLfloat', possible loss of data
          with
          [
              T=unsigned int
          ]
C:\3d-rendering\src\main.cpp(145,78): warning C4244: 'argument': conversion from 'T' to 'GLfloat', possible loss of data
          with
          [
              T=unsigned int
          ]
  mge.vcxproj -> C:\3d-rendering\_visual_studio\debug_dynamic_exe\sample.exe
